<?xml version="1.0" encoding="UTF-8"?>
<!-- Generated by org.testng.reporters.JUnitReportReporter -->
<testsuite skipped="0" hostname="DESKTOP-K3HQQHL" name="com.inetBanking.testCase.TC_LoginTest_001" tests="1" failures="0" timestamp="13 May 2021 08:24:51 GMT" time="2.660" errors="0">
  <testcase name="loginTest" time="2.660" classname="com.inetBanking.testCase.TC_LoginTest_001"/>
</testsuite> <!-- com.inetBanking.testCase.TC_LoginTest_001 -->
