<?xml version="1.0" encoding="UTF-8"?>
<!-- Generated by org.testng.reporters.JUnitReportReporter -->
<testsuite skipped="0" hostname="DESKTOP-K3HQQHL" name="com.inetBanking.testCase.TC_AddCustomerTest_003" tests="1" failures="0" timestamp="13 May 2021 14:17:08 GMT" time="16.572" errors="0">
  <testcase name="addNewCustomer" time="16.572" classname="com.inetBanking.testCase.TC_AddCustomerTest_003"/>
</testsuite> <!-- com.inetBanking.testCase.TC_AddCustomerTest_003 -->
